[debug] [2021-05-17T13:11:32.354Z] ----------------------------------------------------------------------
[debug] [2021-05-17T13:11:32.358Z] Command:       C:\Program Files\nodejs\node.exe C:\Users\HP\AppData\Roaming\npm\node_modules\firebase-tools\lib\bin\firebase.js deploy
[debug] [2021-05-17T13:11:32.359Z] CLI Version:   9.10.2
[debug] [2021-05-17T13:11:32.359Z] Platform:      win32
[debug] [2021-05-17T13:11:32.359Z] Node Version:  v14.15.4
[debug] [2021-05-17T13:11:32.361Z] Time:          Mon May 17 2021 18:41:32 GMT+0530 (India Standard Time)
[debug] [2021-05-17T13:11:32.362Z] ----------------------------------------------------------------------
[debug] 
[debug] [2021-05-17T13:11:32.374Z] > command requires scopes: ["email","openid","https://www.googleapis.com/auth/cloudplatformprojects.readonly","https://www.googleapis.com/auth/firebase","https://www.googleapis.com/auth/cloud-platform"]
[debug] [2021-05-17T13:11:32.375Z] > authorizing via signed-in user (aritrabasu71@gmail.com)
[debug] [2021-05-17T13:11:32.375Z] [iam] checking project track-cowin for permissions ["firebase.projects.get","firebasehosting.sites.update"]
[debug] [2021-05-17T13:11:32.379Z] > refreshing access token with scopes: ["email","https://www.googleapis.com/auth/cloud-platform","https://www.googleapis.com/auth/cloudplatformprojects.readonly","https://www.googleapis.com/auth/firebase","openid"]
[debug] [2021-05-17T13:11:32.379Z] >>> HTTP REQUEST POST https://www.googleapis.com/oauth2/v3/token  
 <request body omitted>
[debug] [2021-05-17T13:11:43.095Z] <<< HTTP RESPONSE 200 {"expires":"Mon, 01 Jan 1990 00:00:00 GMT","pragma":"no-cache","date":"Mon, 17 May 2021 13:11:43 GMT","cache-control":"no-cache, no-store, max-age=0, must-revalidate","content-type":"application/json; charset=utf-8","vary":"X-Origin, Referer, Origin,Accept-Encoding","server":"scaffolding on HTTPServer2","x-xss-protection":"0","x-frame-options":"SAMEORIGIN","x-content-type-options":"nosniff","alt-svc":"h3-29=\":443\"; ma=2592000,h3-T051=\":443\"; ma=2592000,h3-Q050=\":443\"; ma=2592000,h3-Q046=\":443\"; ma=2592000,h3-Q043=\":443\"; ma=2592000,quic=\":443\"; ma=2592000; v=\"46,43\"","accept-ranges":"none","transfer-encoding":"chunked"}
[debug] [2021-05-17T13:11:43.108Z] >>> HTTP REQUEST POST https://cloudresourcemanager.googleapis.com/v1/projects/track-cowin:testIamPermissions  
 {"permissions":["firebase.projects.get","firebasehosting.sites.update"]}
[debug] [2021-05-17T13:11:45.217Z] <<< HTTP RESPONSE 200 {"content-type":"application/json; charset=UTF-8","vary":"X-Origin, Referer, Origin,Accept-Encoding","date":"Mon, 17 May 2021 13:11:45 GMT","server":"ESF","cache-control":"private","x-xss-protection":"0","x-frame-options":"SAMEORIGIN","x-content-type-options":"nosniff","server-timing":"gfet4t7; dur=1331","alt-svc":"h3-29=\":443\"; ma=2592000,h3-T051=\":443\"; ma=2592000,h3-Q050=\":443\"; ma=2592000,h3-Q046=\":443\"; ma=2592000,h3-Q043=\":443\"; ma=2592000,quic=\":443\"; ma=2592000; v=\"46,43\"","accept-ranges":"none","transfer-encoding":"chunked"}
[debug] [2021-05-17T13:11:45.220Z] > refreshing access token with scopes: []
[debug] [2021-05-17T13:11:45.220Z] >>> HTTP REQUEST POST https://www.googleapis.com/oauth2/v3/token  
 <request body omitted>
[debug] [2021-05-17T13:11:45.842Z] <<< HTTP RESPONSE 200 {"date":"Mon, 17 May 2021 13:11:45 GMT","expires":"Mon, 01 Jan 1990 00:00:00 GMT","cache-control":"no-cache, no-store, max-age=0, must-revalidate","pragma":"no-cache","content-type":"application/json; charset=utf-8","vary":"X-Origin, Referer, Origin,Accept-Encoding","server":"scaffolding on HTTPServer2","x-xss-protection":"0","x-frame-options":"SAMEORIGIN","x-content-type-options":"nosniff","alt-svc":"h3-29=\":443\"; ma=2592000,h3-T051=\":443\"; ma=2592000,h3-Q050=\":443\"; ma=2592000,h3-Q046=\":443\"; ma=2592000,h3-Q043=\":443\"; ma=2592000,quic=\":443\"; ma=2592000; v=\"46,43\"","accept-ranges":"none","transfer-encoding":"chunked"}
[debug] [2021-05-17T13:11:45.855Z] >>> [apiv2][query] GET https://firebase.googleapis.com/v1beta1/projects/track-cowin [none]
[debug] [2021-05-17T13:11:46.556Z] <<< [apiv2][status] GET https://firebase.googleapis.com/v1beta1/projects/track-cowin 200
[debug] [2021-05-17T13:11:46.557Z] <<< [apiv2][body] GET https://firebase.googleapis.com/v1beta1/projects/track-cowin {"projectId":"track-cowin","projectNumber":"962211669786","displayName":"track-cowin","name":"projects/track-cowin","resources":{"hostingSite":"track-cowin","storageBucket":"track-cowin.appspot.com","locationId":"us-central"},"state":"ACTIVE"}
[info] 
[info] === Deploying to 'track-cowin'...
[info] 
[info] i  deploying hosting 
[debug] [2021-05-17T13:11:46.566Z] > refreshing access token with scopes: ["email","https://www.googleapis.com/auth/cloud-platform","https://www.googleapis.com/auth/cloudplatformprojects.readonly","https://www.googleapis.com/auth/firebase","openid"]
[debug] [2021-05-17T13:11:46.566Z] >>> HTTP REQUEST POST https://www.googleapis.com/oauth2/v3/token  
 <request body omitted>
[debug] [2021-05-17T13:11:47.265Z] <<< HTTP RESPONSE 200 {"date":"Mon, 17 May 2021 13:11:47 GMT","expires":"Mon, 01 Jan 1990 00:00:00 GMT","pragma":"no-cache","cache-control":"no-cache, no-store, max-age=0, must-revalidate","content-type":"application/json; charset=utf-8","vary":"X-Origin, Referer, Origin,Accept-Encoding","server":"scaffolding on HTTPServer2","x-xss-protection":"0","x-frame-options":"SAMEORIGIN","x-content-type-options":"nosniff","alt-svc":"h3-29=\":443\"; ma=2592000,h3-T051=\":443\"; ma=2592000,h3-Q050=\":443\"; ma=2592000,h3-Q046=\":443\"; ma=2592000,h3-Q043=\":443\"; ma=2592000,quic=\":443\"; ma=2592000; v=\"46,43\"","accept-ranges":"none","transfer-encoding":"chunked"}
[debug] [2021-05-17T13:11:47.277Z] >>> HTTP REQUEST POST https://firebasehosting.googleapis.com/v1beta1/sites/track-cowin/versions  
 {"config":{"rewrites":[{"glob":"**","path":"/index.html"}]},"labels":{"deployment-tool":"cli-firebase"}}
[debug] [2021-05-17T13:11:49.724Z] <<< HTTP RESPONSE 200 {"content-type":"application/json; charset=UTF-8","vary":"X-Origin, Referer, Origin,Accept-Encoding","date":"Mon, 17 May 2021 13:11:49 GMT","server":"ESF","cache-control":"private","x-xss-protection":"0","x-frame-options":"SAMEORIGIN","x-content-type-options":"nosniff","alt-svc":"h3-29=\":443\"; ma=2592000,h3-T051=\":443\"; ma=2592000,h3-Q050=\":443\"; ma=2592000,h3-Q046=\":443\"; ma=2592000,h3-Q043=\":443\"; ma=2592000,quic=\":443\"; ma=2592000; v=\"46,43\"","accept-ranges":"none","transfer-encoding":"chunked"}
[info] i  hosting[track-cowin]: beginning deploy... 
[info] i  hosting[track-cowin]: found 22 files in build 
[debug] [2021-05-17T13:11:49.761Z] > refreshing access token with scopes: []
[debug] [2021-05-17T13:11:49.761Z] >>> HTTP REQUEST POST https://www.googleapis.com/oauth2/v3/token  
 <request body omitted>
[debug] [2021-05-17T13:11:49.764Z] [hosting] hash cache [YnVpbGQ] stored for 22 files
[debug] [2021-05-17T13:11:49.765Z] [hosting][hash queue][FINAL] {"max":3,"min":1,"avg":1,"active":0,"complete":22,"success":22,"errored":0,"retried":0,"total":22,"elapsed":8}
[debug] [2021-05-17T13:11:50.338Z] <<< HTTP RESPONSE 200 {"pragma":"no-cache","expires":"Mon, 01 Jan 1990 00:00:00 GMT","date":"Mon, 17 May 2021 13:11:50 GMT","cache-control":"no-cache, no-store, max-age=0, must-revalidate","content-type":"application/json; charset=utf-8","vary":"X-Origin, Referer, Origin,Accept-Encoding","server":"scaffolding on HTTPServer2","x-xss-protection":"0","x-frame-options":"SAMEORIGIN","x-content-type-options":"nosniff","alt-svc":"h3-29=\":443\"; ma=2592000,h3-T051=\":443\"; ma=2592000,h3-Q050=\":443\"; ma=2592000,h3-Q046=\":443\"; ma=2592000,h3-Q043=\":443\"; ma=2592000,quic=\":443\"; ma=2592000; v=\"46,43\"","accept-ranges":"none","transfer-encoding":"chunked"}
[debug] [2021-05-17T13:11:50.351Z] >>> [apiv2][query] POST https://firebasehosting.googleapis.com/v1beta1/sites/track-cowin/versions/61545169c8f33752:populateFiles [none]
[debug] [2021-05-17T13:11:50.351Z] >>> [apiv2][body] POST https://firebasehosting.googleapis.com/v1beta1/sites/track-cowin/versions/61545169c8f33752:populateFiles {"files":{"/asset-manifest.json":"5d3706c307c6b6f36cc909eeba4e18a16c9550a10af8ddd8bd4ac7d45c4047aa","/favicon.ico":"eae62e993eb980ec8a25058c39d5a51feab118bd2100c4deebb2a9c158ec11f9","/index.html":"7a026a1dc71dde27823e79c1b6fce75eb05fd2909c0bcd8b17643b5ece053328","/logo192.png":"3ee59515172ee198f3be375979df15ac5345183e656720a381b8872b2a39dc8b","/logo512.png":"ee7e2f3fdb8209c4b6fd7bef6ba50d1b9dba30a25bb5c3126df057e1cb6f5331","/manifest.json":"aff3449bdc238776f5d6d967f19ec491b36aed5fb7f23ccff6500736fd58494a","/robots.txt":"bfe106a3fb878dc83461c86818bf74fc1bdc7f28538ba613cd3e775516ce8b49","/static/css/2.4c97ca4f.chunk.css":"7e6538a6f0fc738a788c03a9cee1861c42fe2f29017e5026cb867636b24dcf77","/static/css/2.4c97ca4f.chunk.css.map":"a70eaab29a7c2121a70e08850c01f71611bdc0c137e6a4b349704641c33af035","/static/css/main.c9111b61.chunk.css":"f49e9c7938a5661fdbce4ca25ae417a4e555acc3d4e402c63794af2126ceed70","/static/css/main.c9111b61.chunk.css.map":"49010372e2f6b462c9172588013f20066cf8cb47089d2338ddd7caf868f2f3e9","/static/js/2.52a13a7f.chunk.js":"83f24568e70f76d9ee737edbcbf68acabfae3c5574be2bb0f4a3bbdc0980f872","/static/js/2.52a13a7f.chunk.js.LICENSE.txt":"7980bc6c3d06437a948bf40cbbc341901c6b4d6c8a31675c86ce5189f099d978","/static/js/2.52a13a7f.chunk.js.map":"f7c53c8fc90bcd455d39ad81cef282e690b9da9c189e1905758a32a43b8d4e81","/static/js/3.909da0af.chunk.js":"82d3e1291682d481b11c9fe849188883641ec7d3fc887fb99ee088965f764a50","/static/js/3.909da0af.chunk.js.map":"7bf61a36c90a37844238036283ac0cc7a99ac8bad61f9f67fb134cdd04d0abbf","/static/js/main.68177bbe.chunk.js":"3eaca46856efff5cf1ab675d12001d495157325c592c9adb6f7c2a8007fbe7bb","/static/js/main.68177bbe.chunk.js.map":"e3f17cb7f9e37cc1557b38ccec106668c072fe44ef1af2865e43f375eecd5246","/static/js/runtime-main.230d4bbb.js":"0570f248dbf6d75c53d3c634c49f37d32172ef0dab6c82fcf51434e3ce199e17","/static/js/runtime-main.230d4bbb.js.map":"2d8a3d9a3f114efb8e08f05ec3f3a73f4e4f8fdbb58ee95494fadf3803c6067a","/static/media/bf.c176076c.png":"21f62462ffa9b32feb5d93d47c4d42e9bba5b3cc1edd2e12b432b61b45eaf899","/static/media/illustration.a7eaba59.png":"30d3076de42a7219a9ac6192b1363467931d514bd3b8b9bbe126e51c0f33b8a6"}}
[debug] [2021-05-17T13:11:52.492Z] <<< [apiv2][status] POST https://firebasehosting.googleapis.com/v1beta1/sites/track-cowin/versions/61545169c8f33752:populateFiles 200
[debug] [2021-05-17T13:11:52.493Z] <<< [apiv2][body] POST https://firebasehosting.googleapis.com/v1beta1/sites/track-cowin/versions/61545169c8f33752:populateFiles {"uploadUrl":"https://upload-firebasehosting.googleapis.com/upload/sites/track-cowin/versions/61545169c8f33752/files"}
[debug] [2021-05-17T13:11:52.493Z] [hosting][populate queue][FINAL] {"max":2733,"min":2733,"avg":2733,"active":0,"complete":1,"success":1,"errored":0,"retried":0,"total":1,"elapsed":2733}
[debug] [2021-05-17T13:11:52.494Z] [hosting] uploads queued: 0
[debug] [2021-05-17T13:11:52.494Z] [hosting][upload queue][FINAL] {"max":0,"min":9999999999,"avg":0,"active":0,"complete":0,"success":0,"errored":0,"retried":0,"total":0,"elapsed":1621257112494}
[info] +  hosting[track-cowin]: file upload complete 
[debug] [2021-05-17T13:11:52.495Z] [hosting] deploy completed after 2768ms
[debug] [2021-05-17T13:11:54.022Z] [
  {
    "config": {
      "public": "build",
      "ignore": [
        "firebase.json",
        "**/.*",
        "**/node_modules/**"
      ],
      "rewrites": [
        {
          "source": "**",
          "destination": "/index.html"
        }
      ],
      "site": "track-cowin"
    },
    "site": "track-cowin",
    "version": "sites/track-cowin/versions/61545169c8f33752"
  }
]
[info] i  hosting[track-cowin]: finalizing version... 
[debug] [2021-05-17T13:11:54.025Z] > refreshing access token with scopes: ["email","https://www.googleapis.com/auth/cloud-platform","https://www.googleapis.com/auth/cloudplatformprojects.readonly","https://www.googleapis.com/auth/firebase","openid"]
[debug] [2021-05-17T13:11:54.026Z] >>> HTTP REQUEST POST https://www.googleapis.com/oauth2/v3/token  
 <request body omitted>
[debug] [2021-05-17T13:11:54.533Z] <<< HTTP RESPONSE 200 {"pragma":"no-cache","expires":"Mon, 01 Jan 1990 00:00:00 GMT","cache-control":"no-cache, no-store, max-age=0, must-revalidate","date":"Mon, 17 May 2021 13:11:54 GMT","content-type":"application/json; charset=utf-8","vary":"X-Origin, Referer, Origin,Accept-Encoding","server":"scaffolding on HTTPServer2","x-xss-protection":"0","x-frame-options":"SAMEORIGIN","x-content-type-options":"nosniff","alt-svc":"h3-29=\":443\"; ma=2592000,h3-T051=\":443\"; ma=2592000,h3-Q050=\":443\"; ma=2592000,h3-Q046=\":443\"; ma=2592000,h3-Q043=\":443\"; ma=2592000,quic=\":443\"; ma=2592000; v=\"46,43\"","accept-ranges":"none","transfer-encoding":"chunked"}
[debug] [2021-05-17T13:11:54.546Z] >>> HTTP REQUEST PATCH https://firebasehosting.googleapis.com/v1beta1/sites/track-cowin/versions/61545169c8f33752?updateMask=status  
 {"status":"FINALIZED"}
[debug] [2021-05-17T13:11:56.583Z] <<< HTTP RESPONSE 200 {"content-type":"application/json; charset=UTF-8","vary":"X-Origin, Referer, Origin,Accept-Encoding","date":"Mon, 17 May 2021 13:11:56 GMT","server":"ESF","cache-control":"private","x-xss-protection":"0","x-frame-options":"SAMEORIGIN","x-content-type-options":"nosniff","alt-svc":"h3-29=\":443\"; ma=2592000,h3-T051=\":443\"; ma=2592000,h3-Q050=\":443\"; ma=2592000,h3-Q046=\":443\"; ma=2592000,h3-Q043=\":443\"; ma=2592000,quic=\":443\"; ma=2592000; v=\"46,43\"","accept-ranges":"none","transfer-encoding":"chunked"}
[debug] [2021-05-17T13:11:56.583Z] [hosting] finalized version for track-cowin: {"name":"sites/track-cowin/versions/61545169c8f33752","status":"FINALIZED","config":{"rewrites":[{"glob":"**","path":"/index.html"}]},"labels":{"deployment-tool":"cli-firebase"},"createTime":"2021-05-17T13:11:49.404992Z","createUser":{"email":"aritrabasu71@gmail.com"},"finalizeTime":"2021-05-17T13:11:56.571550Z","finalizeUser":{"email":"aritrabasu71@gmail.com"}}
[info] +  hosting[track-cowin]: version finalized 
[info] i  hosting[track-cowin]: releasing new version... 
[debug] [2021-05-17T13:11:56.585Z] >>> HTTP REQUEST POST https://firebasehosting.googleapis.com/v1beta1/sites/track-cowin/releases?version_name=sites/track-cowin/versions/61545169c8f33752  
 {"message":null}
[debug] [2021-05-17T13:11:59.041Z] <<< HTTP RESPONSE 200 {"content-type":"application/json; charset=UTF-8","vary":"X-Origin, Referer, Origin,Accept-Encoding","date":"Mon, 17 May 2021 13:11:58 GMT","server":"ESF","cache-control":"private","x-xss-protection":"0","x-frame-options":"SAMEORIGIN","x-content-type-options":"nosniff","alt-svc":"h3-29=\":443\"; ma=2592000,h3-T051=\":443\"; ma=2592000,h3-Q050=\":443\"; ma=2592000,h3-Q046=\":443\"; ma=2592000,h3-Q043=\":443\"; ma=2592000,quic=\":443\"; ma=2592000; v=\"46,43\"","accept-ranges":"none","transfer-encoding":"chunked"}
[debug] [2021-05-17T13:11:59.041Z] [hosting] release: {"name":"sites/track-cowin/releases/1621257118107276","version":{"name":"sites/track-cowin/versions/61545169c8f33752","status":"FINALIZED","config":{"rewrites":[{"glob":"**","path":"/index.html"}]},"labels":{"deployment-tool":"cli-firebase"},"createTime":"2021-05-17T13:11:49.404992Z","createUser":{"email":"aritrabasu71@gmail.com"},"finalizeTime":"2021-05-17T13:11:56.571550Z","finalizeUser":{"email":"aritrabasu71@gmail.com"}},"type":"DEPLOY","releaseTime":"2021-05-17T13:11:58.107276406Z","releaseUser":{"email":"aritrabasu71@gmail.com"}}
[info] +  hosting[track-cowin]: release complete 
[info] 
[info] +  Deploy complete! 
[info] 
[info] Project Console: https://console.firebase.google.com/project/track-cowin/overview
[info] Hosting URL: https://track-cowin.web.app
